2026-2-25 02:09:35-log: Cannot access game frame or container.
2026-2-25 02:09:35-debug: asset-db:require-engine-code (535ms)
2026-2-25 02:09:35-log: meshopt wasm decoder initialized
2026-2-25 02:09:35-log: [bullet]:bullet wasm lib loaded.
2026-2-25 02:09:35-log: [box2d]:box2d wasm lib loaded.
2026-2-25 02:09:35-log: Using legacy pipeline
2026-2-25 02:09:35-log: Forward render pipeline initialized.
2026-2-25 02:09:35-log: Cocos Creator v3.8.7
2026-2-25 02:09:35-debug: [Assets Memory track]: asset-db:worker-init: initEngine start:28.85MB, end 79.84MB, increase: 50.99MB
2026-2-25 02:09:36-debug: [Assets Memory track]: asset-db:worker-init: initPlugin start:79.88MB, end 274.86MB, increase: 194.98MB
2026-2-25 02:09:36-debug: run package(huawei-agc) handler(enable) start
2026-2-25 02:09:36-debug: run package(huawei-quick-game) handler(enable) start
2026-2-25 02:09:36-debug: run package(ios) handler(enable) start
2026-2-25 02:09:36-debug: run package(huawei-agc) handler(enable) success!
2026-2-25 02:09:36-debug: run package(linux) handler(enable) start
2026-2-25 02:09:36-debug: run package(huawei-quick-game) handler(enable) success!
2026-2-25 02:09:36-debug: run package(linux) handler(enable) success!
2026-2-25 02:09:36-debug: run package(ios) handler(enable) success!
2026-2-25 02:09:36-debug: run package(mac) handler(enable) success!
2026-2-25 02:09:36-debug: run package(migu-mini-game) handler(enable) start
2026-2-25 02:09:36-debug: run package(migu-mini-game) handler(enable) success!
2026-2-25 02:09:36-debug: run package(native) handler(enable) start
2026-2-25 02:09:36-debug: run package(mac) handler(enable) start
2026-2-25 02:09:36-debug: run package(native) handler(enable) success!
2026-2-25 02:09:36-debug: run package(ohos) handler(enable) success!
2026-2-25 02:09:36-debug: run package(ohos) handler(enable) start
2026-2-25 02:09:36-debug: run package(oppo-mini-game) handler(enable) success!
2026-2-25 02:09:36-debug: run package(runtime-dev-tools) handler(enable) success!
2026-2-25 02:09:36-debug: run package(taobao-mini-game) handler(enable) start
2026-2-25 02:09:36-debug: run package(runtime-dev-tools) handler(enable) start
2026-2-25 02:09:36-debug: run package(taobao-mini-game) handler(enable) success!
2026-2-25 02:09:36-debug: run package(oppo-mini-game) handler(enable) start
2026-2-25 02:09:36-debug: run package(vivo-mini-game) handler(enable) success!
2026-2-25 02:09:36-debug: run package(web-desktop) handler(enable) success!
2026-2-25 02:09:36-debug: run package(web-desktop) handler(enable) start
2026-2-25 02:09:36-debug: run package(vivo-mini-game) handler(enable) start
2026-2-25 02:09:36-debug: run package(wechatgame) handler(enable) start
2026-2-25 02:09:36-debug: run package(web-mobile) handler(enable) start
2026-2-25 02:09:36-debug: run package(web-mobile) handler(enable) success!
2026-2-25 02:09:36-debug: run package(wechatprogram) handler(enable) success!
2026-2-25 02:09:36-debug: run package(wechatprogram) handler(enable) start
2026-2-25 02:09:36-debug: run package(wechatgame) handler(enable) success!
2026-2-25 02:09:36-debug: run package(xiaomi-quick-game) handler(enable) start
2026-2-25 02:09:36-debug: run package(windows) handler(enable) start
2026-2-25 02:09:36-debug: run package(windows) handler(enable) success!
2026-2-25 02:09:36-debug: run package(cocos-service) handler(enable) start
2026-2-25 02:09:36-debug: run package(cocos-service) handler(enable) success!
2026-2-25 02:09:36-debug: run package(xiaomi-quick-game) handler(enable) success!
2026-2-25 02:09:36-debug: run package(behavior-eden) handler(enable) start
2026-2-25 02:09:36-debug: run package(im-plugin) handler(enable) success!
2026-2-25 02:09:36-debug: run package(behavior-eden) handler(enable) success!
2026-2-25 02:09:36-debug: run package(plugin-import-2x) handler(enable) success!
2026-2-25 02:09:36-debug: run package(im-plugin) handler(enable) start
2026-2-25 02:09:36-debug: run package(placeholder) handler(enable) start
2026-2-25 02:09:36-debug: run package(placeholder) handler(enable) success!
2026-2-25 02:09:36-debug: run package(plugin-import-2x) handler(enable) start
2026-2-25 02:09:36-debug: asset-db:worker-init: initPlugin (1196ms)
2026-2-25 02:09:36-debug: [Assets Memory track]: asset-db:worker-init start:28.85MB, end 272.52MB, increase: 243.67MB
2026-2-25 02:09:36-debug: Run asset db hook programming:beforePreStart success!
2026-2-25 02:09:36-debug: Run asset db hook engine-extends:beforePreStart success!
2026-2-25 02:09:36-debug: Run asset db hook engine-extends:beforePreStart ...
2026-2-25 02:09:36-debug: Preimport db  success
2026-2-25 02:09:36-debug: Preimport db  success
2026-2-25 02:09:36-debug: Run asset db hook programming:beforePreStart ...
2026-2-25 02:09:36-debug: Preimport db  success
2026-2-25 02:09:36-debug: Run asset db hook programming:afterPreStart ...
2026-2-25 02:09:36-debug: starting packer-driver...
2026-2-25 02:09:36-debug: asset-db:worker-init (1847ms)
2026-2-25 02:09:36-debug: asset-db-hook-programming-beforePreStart (27ms)
2026-2-25 02:09:36-debug: asset-db-hook-engine-extends-beforePreStart (26ms)
2026-2-25 02:09:46-debug: initialize scripting environment...
2026-2-25 02:09:46-debug: [[Executor]] prepare before lock
2026-2-25 02:09:46-debug: Set detail map pack:///resolution-detail-map.json: {}
2026-2-25 02:09:46-debug: [[Executor]] prepare after unlock
2026-2-25 02:09:46-debug: Run asset db hook programming:afterPreStart success!
2026-2-25 02:09:46-debug: Run asset db hook engine-extends:afterPreStart ...
2026-2-25 02:09:46-debug: Run asset db hook engine-extends:afterPreStart success!
2026-2-25 02:09:46-debug: [Assets Memory track]: asset-db:worker-init: preStart start:272.53MB, end 274.29MB, increase: 1.76MB
2026-2-25 02:09:46-debug: Start up the 'internal' database...
2026-2-25 02:09:46-debug: asset-db-hook-programming-afterPreStart (9547ms)
2026-2-25 02:09:46-debug: asset-db:worker-effect-data-processing (49ms)
2026-2-25 02:09:46-debug: asset-db-hook-engine-extends-afterPreStart (50ms)
2026-2-25 02:09:46-debug: Run asset db hook engine-extends:afterStartDB ...
2026-2-25 02:09:46-debug: recompile effect.bin success
2026-2-25 02:09:46-debug: Run asset db hook engine-extends:afterStartDB success!
2026-2-25 02:09:46-debug: Start up the 'assets' database...
2026-2-25 02:09:46-debug: asset-db:worker-effect-data-processing (209ms)
2026-2-25 02:09:46-debug: asset-db-hook-engine-extends-afterStartDB (210ms)
