2026-2-21 01:14:11-log: Cannot access game frame or container.
2026-2-21 01:14:12-debug: asset-db:require-engine-code (646ms)
2026-2-21 01:14:12-log: meshopt wasm decoder initialized
2026-2-21 01:14:12-log: [bullet]:bullet wasm lib loaded.
2026-2-21 01:14:12-log: [box2d]:box2d wasm lib loaded.
2026-2-21 01:14:12-log: Cocos Creator v3.8.7
2026-2-21 01:14:12-debug: [Assets Memory track]: asset-db:worker-init: initEngine start:29.36MB, end 80.36MB, increase: 51.00MB
2026-2-21 01:14:12-log: Forward render pipeline initialized.
2026-2-21 01:14:12-log: Using legacy pipeline
2026-2-21 01:14:14-debug: [Assets Memory track]: asset-db:worker-init: initPlugin start:80.42MB, end 318.78MB, increase: 238.36MB
2026-2-21 01:14:14-debug: run package(behavior-eden) handler(enable) start
2026-2-21 01:14:14-debug: run package(behavior-eden) handler(enable) success!
2026-2-21 01:14:14-debug: run package(placeholder) handler(enable) start
2026-2-21 01:14:14-debug: run package(plugin-import-2x) handler(enable) success!
2026-2-21 01:14:14-debug: run package(placeholder) handler(enable) success!
2026-2-21 01:14:14-debug: run package(plugin-import-2x) handler(enable) start
2026-2-21 01:14:14-debug: asset-db:worker-init: initPlugin (1451ms)
2026-2-21 01:14:14-debug: [Assets Memory track]: asset-db:worker-init start:29.35MB, end 319.06MB, increase: 289.70MB
2026-2-21 01:14:14-debug: Run asset db hook programming:beforePreStart ...
2026-2-21 01:14:14-debug: Run asset db hook programming:beforePreStart success!
2026-2-21 01:14:14-debug: Run asset db hook engine-extends:beforePreStart ...
2026-2-21 01:14:14-debug: Run asset db hook engine-extends:beforePreStart success!
2026-2-21 01:14:14-debug: Preimport db  success
2026-2-21 01:14:14-debug: Preimport db  success
2026-2-21 01:14:14-debug: Preimport db  success
2026-2-21 01:14:14-debug: Run asset db hook programming:afterPreStart ...
2026-2-21 01:14:14-debug: starting packer-driver...
2026-2-21 01:14:14-debug: asset-db:worker-init (2739ms)
2026-2-21 01:14:14-debug: asset-db-hook-programming-beforePreStart (147ms)
2026-2-21 01:14:14-debug: asset-db-hook-engine-extends-beforePreStart (147ms)
2026-2-21 01:14:17-debug: initialize scripting environment...
2026-2-21 01:14:17-debug: [[Executor]] prepare before lock
2026-2-21 01:14:17-debug: Set detail map pack:///resolution-detail-map.json: {}
2026-2-21 01:14:17-debug: [[Executor]] prepare after unlock
2026-2-21 01:14:17-debug: Run asset db hook programming:afterPreStart success!
2026-2-21 01:14:17-debug: Run asset db hook engine-extends:afterPreStart ...
2026-2-21 01:14:17-debug: Run asset db hook engine-extends:afterPreStart success!
2026-2-21 01:14:17-debug: Start up the 'internal' database...
2026-2-21 01:14:20-debug: asset-db-hook-programming-afterPreStart (6071ms)
2026-2-21 01:14:20-debug: asset-db:worker-effect-data-processing (3155ms)
2026-2-21 01:14:20-debug: asset-db-hook-engine-extends-afterPreStart (3155ms)
2026-2-21 01:14:21-debug: Run asset db hook engine-extends:afterStartDB ...
2026-2-21 01:14:22-debug: recompile effect.bin success
2026-2-21 01:14:22-debug: Run asset db hook engine-extends:afterStartDB success!
2026-2-21 01:14:22-debug: Start up the 'assets' database...
2026-2-21 01:14:23-debug: asset-db:worker-effect-data-processing (1694ms)
2026-2-21 01:14:23-debug: asset-db-hook-engine-extends-afterStartDB (1694ms)
2026-2-21 01:14:23-debug: Run asset db hook engine-extends:afterStartDB ...
2026-2-21 01:14:23-debug: recompile effect.bin success
2026-2-21 01:14:23-debug: Run asset db hook engine-extends:afterStartDB success!
2026-2-21 01:14:23-debug: Start up the 'behavior-eden' database...
2026-2-21 01:14:23-debug: asset-db:worker-effect-data-processing (453ms)
2026-2-21 01:14:23-debug: asset-db-hook-engine-extends-afterStartDB (454ms)
2026-2-21 01:14:23-debug: Run asset db hook engine-extends:afterStartDB ...
2026-2-21 01:14:24-debug: recompile effect.bin success
2026-2-21 01:14:24-debug: Run asset db hook engine-extends:afterStartDB success!
2026-2-21 01:14:24-debug: [Assets Memory track]: asset-db:worker-init: startup start:198.95MB, end 218.21MB, increase: 19.26MB
2026-2-21 01:14:24-debug: lazy register asset handler *
2026-2-21 01:14:24-debug: lazy register asset handler directory
2026-2-21 01:14:24-debug: lazy register asset handler spine-data
2026-2-21 01:14:24-debug: lazy register asset handler dragonbones
2026-2-21 01:14:24-debug: lazy register asset handler dragonbones-atlas
2026-2-21 01:14:24-debug: lazy register asset handler text
2026-2-21 01:14:24-debug: lazy register asset handler json
2026-2-21 01:14:24-debug: lazy register asset handler terrain
2026-2-21 01:14:24-debug: lazy register asset handler typescript
2026-2-21 01:14:24-debug: lazy register asset handler prefab
2026-2-21 01:14:24-debug: lazy register asset handler javascript
2026-2-21 01:14:24-debug: lazy register asset handler sprite-frame
2026-2-21 01:14:24-debug: lazy register asset handler scene
2026-2-21 01:14:24-debug: lazy register asset handler tiled-map
2026-2-21 01:14:24-debug: lazy register asset handler sign-image
2026-2-21 01:14:24-debug: lazy register asset handler buffer
2026-2-21 01:14:24-debug: lazy register asset handler alpha-image
2026-2-21 01:14:24-debug: lazy register asset handler image
2026-2-21 01:14:24-debug: lazy register asset handler texture-cube
2026-2-21 01:14:24-debug: lazy register asset handler texture
2026-2-21 01:14:24-debug: lazy register asset handler erp-texture-cube
2026-2-21 01:14:24-debug: lazy register asset handler texture-cube-face
2026-2-21 01:14:24-debug: lazy register asset handler rt-sprite-frame
2026-2-21 01:14:24-debug: lazy register asset handler gltf
2026-2-21 01:14:24-debug: lazy register asset handler gltf-mesh
2026-2-21 01:14:24-debug: lazy register asset handler gltf-animation
2026-2-21 01:14:24-debug: lazy register asset handler gltf-skeleton
2026-2-21 01:14:24-debug: lazy register asset handler render-texture
2026-2-21 01:14:24-debug: lazy register asset handler gltf-embeded-image
2026-2-21 01:14:24-debug: lazy register asset handler gltf-material
2026-2-21 01:14:24-debug: lazy register asset handler gltf-scene
2026-2-21 01:14:24-debug: lazy register asset handler fbx
2026-2-21 01:14:24-debug: lazy register asset handler material
2026-2-21 01:14:24-debug: lazy register asset handler effect-header
2026-2-21 01:14:24-debug: lazy register asset handler physics-material
2026-2-21 01:14:24-debug: lazy register asset handler effect
2026-2-21 01:14:24-debug: lazy register asset handler audio-clip
2026-2-21 01:14:24-debug: lazy register asset handler animation-graph
2026-2-21 01:14:24-debug: lazy register asset handler animation-mask
2026-2-21 01:14:24-debug: lazy register asset handler animation-graph-variant
2026-2-21 01:14:24-debug: lazy register asset handler ttf-font
2026-2-21 01:14:24-debug: lazy register asset handler bitmap-font
2026-2-21 01:14:24-debug: lazy register asset handler animation-clip
2026-2-21 01:14:24-debug: lazy register asset handler particle
2026-2-21 01:14:24-debug: lazy register asset handler sprite-atlas
2026-2-21 01:14:24-debug: lazy register asset handler render-pipeline
2026-2-21 01:14:24-debug: lazy register asset handler auto-atlas
2026-2-21 01:14:24-debug: lazy register asset handler label-atlas
2026-2-21 01:14:24-debug: lazy register asset handler render-stage
2026-2-21 01:14:24-debug: lazy register asset handler instantiation-material
2026-2-21 01:14:24-debug: lazy register asset handler instantiation-mesh
2026-2-21 01:14:24-debug: lazy register asset handler render-flow
2026-2-21 01:14:24-debug: lazy register asset handler instantiation-skeleton
2026-2-21 01:14:24-debug: lazy register asset handler instantiation-animation
2026-2-21 01:14:24-debug: lazy register asset handler video-clip
2026-2-21 01:14:24-debug: asset-db:worker-effect-data-processing (290ms)
2026-2-21 01:14:24-debug: asset-db-hook-engine-extends-afterStartDB (290ms)
2026-2-21 01:14:24-debug: asset-db:start-database (10006ms)
2026-2-21 01:14:24-debug: asset-db:ready (16247ms)
2026-2-21 01:14:24-debug: init worker message success
2026-2-21 01:14:24-debug: programming:execute-script (7ms)
2026-2-21 01:14:24-debug: [Build Memory track]: builder:worker-init start:222.99MB, end 234.90MB, increase: 11.91MB
2026-2-21 01:14:24-debug: builder:worker-init (487ms)
2026-2-21 02:30:57-debug: refresh db internal success
2026-2-21 02:30:57-debug: refresh db assets success
2026-2-21 02:30:57-debug: refresh db behavior-eden success
2026-2-21 02:30:57-debug: Run asset db hook engine-extends:afterRefresh ...
2026-2-21 02:30:57-debug: Run asset db hook engine-extends:afterRefresh success!
2026-2-21 02:30:57-debug: asset-db:refresh-all-database (74ms)
2026-2-21 02:30:57-debug: asset-db:worker-effect-data-processing (3ms)
2026-2-21 02:30:57-debug: asset-db-hook-engine-extends-afterRefresh (3ms)
2026-2-21 02:31:15-debug: refresh db internal success
2026-2-21 02:31:15-debug: refresh db assets success
2026-2-21 02:31:15-debug: refresh db behavior-eden success
2026-2-21 02:31:15-debug: Run asset db hook engine-extends:afterRefresh ...
2026-2-21 02:31:15-debug: Run asset db hook engine-extends:afterRefresh success!
2026-2-21 02:31:15-debug: asset-db:refresh-all-database (81ms)
2026-2-21 02:31:15-debug: asset-db:worker-effect-data-processing (22ms)
2026-2-21 02:31:15-debug: asset-db-hook-engine-extends-afterRefresh (23ms)
2026-2-21 02:37:14-debug: refresh db internal success
2026-2-21 02:37:14-debug: refresh db assets success
2026-2-21 02:37:14-debug: refresh db behavior-eden success
2026-2-21 02:37:14-debug: Run asset db hook engine-extends:afterRefresh success!
2026-2-21 02:37:14-debug: Run asset db hook engine-extends:afterRefresh ...
2026-2-21 02:37:14-debug: asset-db:refresh-all-database (65ms)
2026-2-21 02:37:14-debug: asset-db-hook-engine-extends-afterRefresh (2ms)
2026-2-21 02:37:14-debug: asset-db:worker-effect-data-processing (2ms)
2026-2-21 03:16:58-debug: refresh db internal success
2026-2-21 03:16:58-debug: refresh db assets success
2026-2-21 03:16:58-debug: refresh db behavior-eden success
2026-2-21 03:16:58-debug: Run asset db hook engine-extends:afterRefresh ...
2026-2-21 03:16:58-debug: Run asset db hook engine-extends:afterRefresh success!
2026-2-21 03:16:58-debug: asset-db:refresh-all-database (70ms)
2026-2-21 03:16:58-debug: asset-db:worker-effect-data-processing (3ms)
2026-2-21 03:16:58-debug: asset-db-hook-engine-extends-afterRefresh (3ms)
2026-2-21 03:29:13-debug: refresh db internal success
2026-2-21 03:29:13-debug: refresh db assets success
2026-2-21 03:29:13-debug: refresh db behavior-eden success
2026-2-21 03:29:13-debug: Run asset db hook engine-extends:afterRefresh ...
2026-2-21 03:29:13-debug: Run asset db hook engine-extends:afterRefresh success!
2026-2-21 03:29:13-debug: asset-db:refresh-all-database (63ms)
2026-2-21 03:29:13-debug: asset-db:worker-effect-data-processing (3ms)
2026-2-21 03:29:13-debug: asset-db-hook-engine-extends-afterRefresh (3ms)
2026-2-21 03:40:09-debug: refresh db internal success
2026-2-21 03:40:09-debug: refresh db assets success
2026-2-21 03:40:09-debug: refresh db behavior-eden success
2026-2-21 03:40:09-debug: Run asset db hook engine-extends:afterRefresh ...
2026-2-21 03:40:09-debug: Run asset db hook engine-extends:afterRefresh success!
2026-2-21 03:40:09-debug: asset-db:refresh-all-database (57ms)
2026-2-21 03:40:09-debug: asset-db:worker-effect-data-processing (1ms)
2026-2-21 03:40:09-debug: asset-db-hook-engine-extends-afterRefresh (1ms)
2026-2-21 03:40:25-debug: refresh db internal success
2026-2-21 03:40:25-debug: refresh db assets success
2026-2-21 03:40:25-debug: refresh db behavior-eden success
2026-2-21 03:40:25-debug: Run asset db hook engine-extends:afterRefresh ...
2026-2-21 03:40:25-debug: Run asset db hook engine-extends:afterRefresh success!
2026-2-21 03:40:25-debug: asset-db:worker-effect-data-processing (1ms)
2026-2-21 03:40:25-debug: asset-db:refresh-all-database (53ms)
2026-2-21 03:40:25-debug: asset-db-hook-engine-extends-afterRefresh (1ms)
